src\network_model\catalog\resolver.py:133: error: Returning Any from function declared to return "float"  [no-any-return]
src\application\proof_engine\registries\ls_equations.py:1: error: Need type annotation for "LS_EQUATIONS" (hint: "LS_EQUATIONS: dict[<type>, <type>] = ...")  [var-annotated]
src\analysis\voltage_profile\__init__.py:21: error: Function is missing a return type annotation  [no-untyped-def]
src\network_model\validation\validator.py:150: error: Function is missing a type annotation for one or more arguments  [no-untyped-def]
src\network_model\validation\validator.py:188: error: Function is missing a type annotation for one or more arguments  [no-untyped-def]
src\network_model\validation\validator.py:197: error: Function is missing a type annotation for one or more arguments  [no-untyped-def]
src\network_model\validation\validator.py:214: error: Function is missing a type annotation for one or more arguments  [no-untyped-def]
src\network_model\validation\validator.py:235: error: Function is missing a type annotation for one or more arguments  [no-untyped-def]
src\network_model\validation\validator.py:259: error: Function is missing a type annotation for one or more arguments  [no-untyped-def]
src\network_model\validation\validator.py:273: error: Function is missing a type annotation for one or more arguments  [no-untyped-def]
src\network_model\validation\validator.py:302: error: Function is missing a type annotation for one or more arguments  [no-untyped-def]
src\network_model\validation\validator.py:333: error: Function is missing a type annotation for one or more arguments  [no-untyped-def]
src\network_model\validation\validator.py:359: error: Function is missing a type annotation for one or more arguments  [no-untyped-def]
src\network_model\catalog\types.py:532: error: Argument 1 to "float" has incompatible type "Any | None"; expected "str | Buffer | SupportsFloat | SupportsIndex"  [arg-type]
src\network_model\catalog\types.py:537: error: Argument 1 to "float" has incompatible type "Any | None"; expected "str | Buffer | SupportsFloat | SupportsIndex"  [arg-type]
src\network_model\catalog\types.py:542: error: Argument 1 to "float" has incompatible type "Any | None"; expected "str | Buffer | SupportsFloat | SupportsIndex"  [arg-type]
src\network_model\catalog\types.py:547: error: Argument 1 to "float" has incompatible type "Any | None"; expected "str | Buffer | SupportsFloat | SupportsIndex"  [arg-type]
src\network_model\catalog\types.py:552: error: Argument 1 to "float" has incompatible type "Any | None"; expected "str | Buffer | SupportsFloat | SupportsIndex"  [arg-type]
src\network_model\catalog\types.py:618: error: Argument 1 to "float" has incompatible type "Any | None"; expected "str | Buffer | SupportsFloat | SupportsIndex"  [arg-type]
src\network_model\catalog\types.py:623: error: Argument 1 to "float" has incompatible type "Any | None"; expected "str | Buffer | SupportsFloat | SupportsIndex"  [arg-type]
src\network_model\catalog\types.py:628: error: Argument 1 to "float" has incompatible type "Any | None"; expected "str | Buffer | SupportsFloat | SupportsIndex"  [arg-type]
src\network_model\catalog\types.py:633: error: Argument 1 to "float" has incompatible type "Any | None"; expected "str | Buffer | SupportsFloat | SupportsIndex"  [arg-type]
src\network_model\catalog\types.py:695: error: Argument 1 to "float" has incompatible type "Any | None"; expected "str | Buffer | SupportsFloat | SupportsIndex"  [arg-type]
src\network_model\catalog\types.py:723: error: Incompatible types in assignment (expression has type "None", variable has type "dict[str, Any]")  [assignment]
src\network_model\catalog\types.py:725: error: Function is missing a return type annotation  [no-untyped-def]
src\network_model\catalog\types.py:725: note: Use "-> None" if function does not return a value
src\network_model\catalog\types.py:773: error: Incompatible types in assignment (expression has type "None", variable has type "list[dict[str, Any]]")  [assignment]
src\network_model\catalog\types.py:775: error: Function is missing a return type annotation  [no-untyped-def]
src\network_model\catalog\types.py:775: note: Use "-> None" if function does not return a value
src\network_model\reporting\short_circuit_report_pdf.py:143: error: Returning Any from function declared to return "float"  [no-any-return]
src\network_model\reporting\short_circuit_report_pdf.py:144: error: Returning Any from function declared to return "float"  [no-any-return]
src\network_model\reporting\protection_report_pdf.py:129: error: Returning Any from function declared to return "float"  [no-any-return]
src\network_model\reporting\protection_report_pdf.py:130: error: Returning Any from function declared to return "float"  [no-any-return]
src\network_model\reporting\protection_report_pdf.py:316: error: List item 0 has incompatible type "None"; expected "str"  [list-item]
src\network_model\reporting\protection_report_pdf.py:316: error: List item 1 has incompatible type "None"; expected "str"  [list-item]
src\network_model\reporting\protection_report_pdf.py:316: error: List item 2 has incompatible type "None"; expected "str"  [list-item]
src\network_model\reporting\protection_report_pdf.py:316: error: List item 3 has incompatible type "None"; expected "str"  [list-item]
src\network_model\reporting\protection_report_pdf.py:357: error: List item 0 has incompatible type "None"; expected "str"  [list-item]
src\network_model\reporting\protection_report_pdf.py:357: error: List item 1 has incompatible type "None"; expected "str"  [list-item]
src\network_model\reporting\protection_report_pdf.py:357: error: List item 2 has incompatible type "None"; expected "str"  [list-item]
src\network_model\reporting\protection_report_pdf.py:357: error: List item 3 has incompatible type "None"; expected "str"  [list-item]
src\network_model\reporting\protection_report_pdf.py:357: error: List item 4 has incompatible type "None"; expected "str"  [list-item]
src\network_model\reporting\protection_report_pdf.py:397: error: List item 0 has incompatible type "None"; expected "str"  [list-item]
src\network_model\reporting\protection_report_pdf.py:397: error: List item 1 has incompatible type "None"; expected "str"  [list-item]
src\network_model\reporting\protection_report_pdf.py:397: error: List item 2 has incompatible type "None"; expected "str"  [list-item]
src\network_model\reporting\protection_report_pdf.py:397: error: List item 3 has incompatible type "None"; expected "str"  [list-item]
src\network_model\reporting\power_flow_report_pdf.py:117: error: Returning Any from function declared to return "float"  [no-any-return]
src\network_model\reporting\power_flow_report_pdf.py:118: error: Returning Any from function declared to return "float"  [no-any-return]
src\network_model\reporting\power_flow_report_pdf.py:394: error: Returning Any from function declared to return "float"  [no-any-return]
src\network_model\reporting\power_flow_report_pdf.py:395: error: Returning Any from function declared to return "float"  [no-any-return]
src\application\sld_projection\service.py:9: error: Function is missing a type annotation for one or more arguments  [no-untyped-def]
src\application\sld\layout.py:76: error: Need type annotation for "adjacency"  [var-annotated]
src\application\protection_analysis\engine.py:222: error: Returning Any from function declared to return "float | None"  [no-any-return]
src\application\protection_analysis\engine.py:739: error: Function is missing a type annotation for one or more arguments  [no-untyped-def]
src\application\proof_engine\unit_verifier.py:133: error: Dict entry 1 has incompatible type "str": "dict[str, str]"; expected "str": "str"  [dict-item]
src\application\proof_engine\unit_verifier.py:138: error: Dict entry 1 has incompatible type "str": "dict[str, str]"; expected "str": "str"  [dict-item]
src\application\proof_engine\unit_verifier.py:143: error: Dict entry 1 has incompatible type "str": "dict[str, str]"; expected "str": "str"  [dict-item]
src\application\proof_engine\unit_verifier.py:148: error: Dict entry 1 has incompatible type "str": "dict[str, str]"; expected "str": "str"  [dict-item]
src\application\proof_engine\unit_verifier.py:153: error: Dict entry 1 has incompatible type "str": "dict[str, str]"; expected "str": "str"  [dict-item]
src\application\proof_engine\unit_verifier.py:158: error: Dict entry 1 has incompatible type "str": "dict[str, str]"; expected "str": "str"  [dict-item]
src\application\proof_engine\unit_verifier.py:163: error: Dict entry 1 has incompatible type "str": "dict[str, str]"; expected "str": "str"  [dict-item]
src\application\proof_engine\unit_verifier.py:168: error: Dict entry 1 has incompatible type "str": "dict[str, str]"; expected "str": "str"  [dict-item]
src\application\proof_engine\unit_verifier.py:173: error: Dict entry 1 has incompatible type "str": "dict[str, str]"; expected "str": "str"  [dict-item]
src\application\proof_engine\unit_verifier.py:179: error: Dict entry 1 has incompatible type "str": "dict[str, str]"; expected "str": "str"  [dict-item]
src\application\proof_engine\unit_verifier.py:184: error: Dict entry 1 has incompatible type "str": "dict[str, str]"; expected "str": "str"  [dict-item]
src\application\proof_engine\unit_verifier.py:189: error: Dict entry 1 has incompatible type "str": "dict[str, str]"; expected "str": "str"  [dict-item]
src\application\proof_engine\unit_verifier.py:194: error: Dict entry 1 has incompatible type "str": "dict[str, str]"; expected "str": "str"  [dict-item]
src\application\proof_engine\unit_verifier.py:199: error: Dict entry 1 has incompatible type "str": "dict[str, str]"; expected "str": "str"  [dict-item]
src\application\proof_engine\unit_verifier.py:204: error: Dict entry 1 has incompatible type "str": "dict[str, str]"; expected "str": "str"  [dict-item]
src\application\proof_engine\unit_verifier.py:209: error: Dict entry 1 has incompatible type "str": "dict[str, str]"; expected "str": "str"  [dict-item]
src\application\proof_engine\unit_verifier.py:215: error: Dict entry 1 has incompatible type "str": "dict[str, str]"; expected "str": "str"  [dict-item]
src\application\proof_engine\unit_verifier.py:220: error: Dict entry 1 has incompatible type "str": "dict[str, str]"; expected "str": "str"  [dict-item]
src\application\proof_engine\unit_verifier.py:225: error: Dict entry 1 has incompatible type "str": "dict[str, str]"; expected "str": "str"  [dict-item]
src\application\proof_engine\unit_verifier.py:230: error: Dict entry 1 has incompatible type "str": "dict[str, str]"; expected "str": "str"  [dict-item]
src\application\proof_engine\unit_verifier.py:235: error: Dict entry 1 has incompatible type "str": "dict[str, str]"; expected "str": "str"  [dict-item]
src\application\proof_engine\unit_verifier.py:240: error: Dict entry 1 has incompatible type "str": "dict[str, str]"; expected "str": "str"  [dict-item]
src\application\proof_engine\unit_verifier.py:245: error: Dict entry 1 has incompatible type "str": "dict[str, str]"; expected "str": "str"  [dict-item]
src\application\proof_engine\unit_verifier.py:251: error: Dict entry 1 has incompatible type "str": "dict[str, str]"; expected "str": "str"  [dict-item]
src\application\proof_engine\unit_verifier.py:256: error: Dict entry 1 has incompatible type "str": "dict[str, str]"; expected "str": "str"  [dict-item]
src\application\proof_engine\unit_verifier.py:261: error: Dict entry 1 has incompatible type "str": "dict[str, str]"; expected "str": "str"  [dict-item]
src\application\proof_engine\unit_verifier.py:266: error: Dict entry 1 has incompatible type "str": "dict[str, str]"; expected "str": "str"  [dict-item]
src\application\proof_engine\unit_verifier.py:271: error: Dict entry 1 has incompatible type "str": "dict[str, str]"; expected "str": "str"  [dict-item]
src\application\proof_engine\unit_verifier.py:276: error: Dict entry 1 has incompatible type "str": "dict[str, str]"; expected "str": "str"  [dict-item]
src\application\proof_engine\unit_verifier.py:282: error: Dict entry 1 has incompatible type "str": "dict[str, str]"; expected "str": "str"  [dict-item]
src\application\proof_engine\unit_verifier.py:287: error: Dict entry 1 has incompatible type "str": "dict[str, str]"; expected "str": "str"  [dict-item]
src\application\proof_engine\unit_verifier.py:292: error: Dict entry 1 has incompatible type "str": "dict[str, str]"; expected "str": "str"  [dict-item]
src\application\proof_engine\unit_verifier.py:297: error: Dict entry 1 has incompatible type "str": "dict[str, str]"; expected "str": "str"  [dict-item]
src\application\proof_engine\unit_verifier.py:303: error: Dict entry 1 has incompatible type "str": "dict[str, str]"; expected "str": "str"  [dict-item]
src\application\proof_engine\unit_verifier.py:308: error: Dict entry 1 has incompatible type "str": "dict[str, str]"; expected "str": "str"  [dict-item]
src\application\proof_engine\unit_verifier.py:313: error: Dict entry 1 has incompatible type "str": "dict[str, str]"; expected "str": "str"  [dict-item]
src\application\proof_engine\unit_verifier.py:318: error: Dict entry 1 has incompatible type "str": "dict[str, str]"; expected "str": "str"  [dict-item]
src\application\proof_engine\unit_verifier.py:324: error: Dict entry 1 has incompatible type "str": "dict[str, str]"; expected "str": "str"  [dict-item]
src\application\proof_engine\unit_verifier.py:329: error: Dict entry 1 has incompatible type "str": "dict[str, str]"; expected "str": "str"  [dict-item]
src\application\proof_engine\unit_verifier.py:334: error: Dict entry 1 has incompatible type "str": "dict[str, str]"; expected "str": "str"  [dict-item]
src\application\proof_engine\latex_renderer.py:523: error: Function is missing a return type annotation  [no-untyped-def]
src\application\proof_engine\latex_renderer.py:638: error: Function is missing a type annotation for one or more arguments  [no-untyped-def]
src\application\proof_engine\latex_renderer.py:651: error: Function is missing a type annotation for one or more arguments  [no-untyped-def]
src\application\proof_engine\equation_registry.py:2227: error: Function is missing a return type annotation  [no-untyped-def]
src\application\proof_engine\equation_registry.py:2720: error: "type[EquationRegistry]" has no attribute "SC3F_EQUATIONS"  [attr-defined]
src\application\proof_engine\equation_registry.py:2721: error: "type[EquationRegistry]" has no attribute "VDROP_EQUATIONS"  [attr-defined]
src\application\proof_engine\equation_registry.py:2722: error: "type[EquationRegistry]" has no attribute "LF_EQUATIONS"  [attr-defined]
src\application\proof_engine\equation_registry.py:2723: error: "type[EquationRegistry]" has no attribute "LC_EQUATIONS"  [attr-defined]
src\application\proof_engine\equation_registry.py:2724: error: "type[EquationRegistry]" has no attribute "LE_EQUATIONS"  [attr-defined]
src\application\proof_engine\equation_registry.py:2725: error: "type[EquationRegistry]" has no attribute "PR_EQUATIONS"  [attr-defined]
src\application\proof_engine\equation_registry.py:2726: error: "type[EquationRegistry]" has no attribute "EARTH_EQUATIONS"  [attr-defined]
src\application\proof_engine\equation_registry.py:2727: error: "type[EquationRegistry]" has no attribute "QU_EQUATIONS"  [attr-defined]
src\application\proof_engine\equation_registry.py:2728: error: "type[EquationRegistry]" has no attribute "SC1_EQUATIONS"  [attr-defined]
src\application\proof_engine\equation_registry.py:2729: error: "type[EquationRegistry]" has no attribute "SC3F_PROOF_STEP_ORDER"  [attr-defined]
src\application\proof_engine\equation_registry.py:2730: error: "type[EquationRegistry]" has no attribute "VDROP_STEP_ORDER"  [attr-defined]
src\application\proof_engine\equation_registry.py:2731: error: "type[EquationRegistry]" has no attribute "LF_STEP_ORDER"  [attr-defined]
src\application\proof_engine\equation_registry.py:2732: error: "type[EquationRegistry]" has no attribute "LC_STEP_ORDER"  [attr-defined]
src\application\proof_engine\equation_registry.py:2733: error: "type[EquationRegistry]" has no attribute "LE_STEP_ORDER"  [attr-defined]
src\application\proof_engine\equation_registry.py:2734: error: "type[EquationRegistry]" has no attribute "PR_STEP_ORDER"  [attr-defined]
src\application\proof_engine\equation_registry.py:2735: error: "type[EquationRegistry]" has no attribute "EARTH_STEP_ORDER"  [attr-defined]
src\application\proof_engine\equation_registry.py:2736: error: "type[EquationRegistry]" has no attribute "QU_STEP_ORDER"  [attr-defined]
src\application\proof_engine\equation_registry.py:2737: error: "type[EquationRegistry]" has no attribute "SC1FZ_STEP_ORDER"  [attr-defined]
src\application\proof_engine\equation_registry.py:2738: error: "type[EquationRegistry]" has no attribute "SC2F_STEP_ORDER"  [attr-defined]
src\application\proof_engine\equation_registry.py:2739: error: "type[EquationRegistry]" has no attribute "SC2FZ_STEP_ORDER"  [attr-defined]
src\application\proof_engine\equation_registry.py:2740: error: "type[EquationRegistry]" has no attribute "FROZEN_IDS"  [attr-defined]
src\application\proof_engine\proof_inspector\inspector.py:184: error: Returning Any from function declared to return "bool"  [no-any-return]
src\application\proof_engine\proof_inspector\inspector.py:526: error: Name "rows" already defined on line 474  [no-redef]
src\application\equipment_proof\types.py:33: error: Returning Any from function declared to return "dict[str, Any]"  [no-any-return]
src\application\equipment_proof\types.py:54: error: Returning Any from function declared to return "dict[str, Any]"  [no-any-return]
src\application\equipment_proof\types.py:79: error: Returning Any from function declared to return "dict[str, Any]"  [no-any-return]
src\application\equipment_proof\types.py:108: error: Returning Any from function declared to return "dict[str, Any]"  [no-any-return]
src\application\equipment_proof\types.py:111: error: Returning Any from function declared to return "dict[str, Any]"  [no-any-return]
src\application\designer\engine.py:22: error: Returning Any from function declared to return "list[Any]"  [no-any-return]
src\application\comparison\service.py:378: error: Returning Any from function declared to return "dict[str, Any]"  [no-any-return]
src\application\comparison\service.py:385: error: Returning Any from function declared to return "dict[str, Any]"  [no-any-return]
src\application\comparison\service.py:391: error: Returning Any from function declared to return "dict[str, Any]"  [no-any-return]
src\application\comparison\service.py:397: error: Returning Any from function declared to return "dict[str, Any]"  [no-any-return]
src\application\comparison\service.py:401: error: Returning Any from function declared to return "dict[str, Any]"  [no-any-return]
src\application\analysis_run\result_invalidator.py:12: error: Returning Any from function declared to return "int"  [no-any-return]
src\application\analysis_run\read_model.py:66: error: Returning Any from function declared to return "dict[str, Any] | list[dict[str, Any]] | None"  [no-any-return]
src\application\analysis_run\read_model.py:68: error: Returning Any from function declared to return "dict[str, Any] | list[dict[str, Any]] | None"  [no-any-return]
src\application\analyses\boundary.py:34: error: Function is missing a type annotation for one or more arguments  [no-untyped-def]
src\application\analyses\boundary.py:42: error: Function is missing a type annotation for one or more arguments  [no-untyped-def]
src\application\analyses\boundary.py:55: error: Returning Any from function declared to return "str | None"  [no-any-return]
src\application\analyses\protection\sanity_checks\rules.py:127: error: Returning Any from function declared to return "float | None"  [no-any-return]
src\application\analyses\protection\sanity_checks\rules.py:132: error: Returning Any from function declared to return "float | None"  [no-any-return]
src\application\analyses\protection\sanity_checks\models.py:35: error: Argument 1 of "__lt__" is incompatible with supertype "builtins.str"; supertype defines the argument type as "str"  [override]
src\application\analyses\protection\sanity_checks\models.py:35: note: This violates the Liskov substitution principle
src\application\analyses\protection\sanity_checks\models.py:35: note: See https://mypy.readthedocs.io/en/stable/common_issues.html#incompatible-overrides
src\application\analyses\protection\overcurrent\settings.py:35: error: Returning Any from function declared to return "dict[str, Any]"  [no-any-return]
src\application\analyses\protection\overcurrent\reporting.py:47: error: Returning Any from function declared to return "dict[str, Any]"  [no-any-return]
src\application\analyses\protection\overcurrent\inputs.py:27: error: Returning Any from function declared to return "dict[str, Any]"  [no-any-return]
src\application\analyses\protection\overcurrent\calculator.py:108: error: Returning Any from function declared to return "float | None"  [no-any-return]
src\application\analyses\protection\catalog\models.py:51: error: Returning Any from function declared to return "dict[str, Any]"  [no-any-return]
src\application\analyses\protection\catalog\models.py:74: error: Returning Any from function declared to return "dict[str, Any]"  [no-any-return]
src\application\analyses\protection\catalog\models.py:91: error: Returning Any from function declared to return "dict[str, Any]"  [no-any-return]
src\application\analyses\design_synth\reporting.py:24: error: Returning Any from function declared to return "dict[str, Any]"  [no-any-return]
src\application\analyses\design_synth\reporting.py:29: error: Returning Any from function declared to return "dict[str, Any]"  [no-any-return]
src\application\analyses\design_synth\reporting.py:31: error: Returning Any from function declared to return "dict[str, Any]"  [no-any-return]
src\application\analyses\design_synth\evidence_m3.py:54: error: Returning Any from function declared to return "dict[str, Any]"  [no-any-return]
src\application\active_case\service.py:21: error: Returning Any from function declared to return "UUID | None"  [no-any-return]
src\application\active_case\service.py:26: error: Returning Any from function declared to return "UUID | None"  [no-any-return]
src\analysis\voltage_profile\serializer.py:56: error: Returning Any from function declared to return "dict[str, Any] | None"  [no-any-return]
src\analysis\sensitivity\serializer.py:18: error: Returning Any from function declared to return "dict[str, Any] | None"  [no-any-return]
src\analysis\sensitivity\builder.py:245: error: Argument 2 has incompatible type "float | None"; expected "float"  [arg-type]
src\analysis\sensitivity\builder.py:246: error: Argument 2 has incompatible type "float | None"; expected "float"  [arg-type]
src\analysis\sensitivity\builder.py:291: error: Argument 2 to "_voltage_margin" has incompatible type "float | None"; expected "float"  [arg-type]
src\analysis\sensitivity\builder.py:291: error: Argument 3 to "_voltage_margin" has incompatible type "float | None"; expected "float"  [arg-type]
src\analysis\sensitivity\builder.py:292: error: Argument 2 to "_voltage_margin" has incompatible type "float | None"; expected "float"  [arg-type]
src\analysis\sensitivity\builder.py:292: error: Argument 3 to "_voltage_margin" has incompatible type "float | None"; expected "float"  [arg-type]
src\analysis\sensitivity\builder.py:582: error: Returning Any from function declared to return "float | None"  [no-any-return]
src\analysis\recommendations\serializer.py:16: error: Returning Any from function declared to return "dict[str, Any] | None"  [no-any-return]
src\analysis\protection_insight\serializer.py:18: error: Returning Any from function declared to return "dict[str, Any] | None"  [no-any-return]
src\analysis\protection_insight\builder.py:129: error: Returning Any from function declared to return "str"  [no-any-return]
src\analysis\protection_insight\builder.py:155: error: Returning Any from function declared to return "str"  [no-any-return]
src\analysis\protection_insight\builder.py:157: error: Returning Any from function declared to return "str"  [no-any-return]
src\analysis\protection_curves_it\serializer.py:19: error: Returning Any from function declared to return "dict[str, Any] | None"  [no-any-return]
src\analysis\protection_curves_it\builder.py:141: error: Returning Any from function declared to return "str"  [no-any-return]
src\analysis\protection_curves_it\builder.py:315: error: Returning Any from function declared to return "str"  [no-any-return]
src\analysis\protection_curves_it\builder.py:317: error: Returning Any from function declared to return "str"  [no-any-return]
src\analysis\power_flow_interpretation\serializer.py:128: error: Returning Any from function declared to return "dict[str, Any] | None"  [no-any-return]
src\analysis\normative\evaluator.py:168: error: Missing positional argument "target_id" in call to "_evaluate_availability_rule"  [call-arg]
src\analysis\normative\evaluator.py:171: error: Argument 3 to "_evaluate_availability_rule" has incompatible type "str"; expected "dict[str, Any]"  [arg-type]
src\analysis\normative\evaluator.py:486: error: Returning Any from function declared to return "str"  [no-any-return]
src\analysis\normative\evaluator.py:488: error: Returning Any from function declared to return "str"  [no-any-return]
src\analysis\normative\evaluator.py:570: error: Returning Any from function declared to return "str"  [no-any-return]
src\analysis\lf_sensitivity\serializer.py:17: error: Returning Any from function declared to return "dict[str, Any] | None"  [no-any-return]
src\analysis\lf_sensitivity\builder.py:224: error: Argument 1 to "float" has incompatible type "float | None"; expected "str | Buffer | SupportsFloat | SupportsIndex"  [arg-type]
src\analysis\lf_sensitivity\builder.py:225: error: Argument 1 to "float" has incompatible type "float | None"; expected "str | Buffer | SupportsFloat | SupportsIndex"  [arg-type]
src\analysis\lf_sensitivity\builder.py:229: error: Argument 1 to "float" has incompatible type "float | None"; expected "str | Buffer | SupportsFloat | SupportsIndex"  [arg-type]
src\analysis\lf_sensitivity\builder.py:235: error: Argument 1 to "float" has incompatible type "float | None"; expected "str | Buffer | SupportsFloat | SupportsIndex"  [arg-type]
src\analysis\lf_sensitivity\builder.py:237: error: Argument 1 to "float" has incompatible type "float | None"; expected "str | Buffer | SupportsFloat | SupportsIndex"  [arg-type]
src\analysis\lf_sensitivity\builder.py:238: error: Argument 1 to "float" has incompatible type "float | None"; expected "str | Buffer | SupportsFloat | SupportsIndex"  [arg-type]
src\analysis\lf_sensitivity\builder.py:257: error: Argument 1 to "float" has incompatible type "float | None"; expected "str | Buffer | SupportsFloat | SupportsIndex"  [arg-type]
src\analysis\lf_sensitivity\builder.py:258: error: Argument 1 to "float" has incompatible type "float | None"; expected "str | Buffer | SupportsFloat | SupportsIndex"  [arg-type]
src\analysis\lf_sensitivity\builder.py:260: error: Argument 1 to "float" has incompatible type "float | None"; expected "str | Buffer | SupportsFloat | SupportsIndex"  [arg-type]
src\analysis\boundary\identifier.py:150: error: Function is missing a type annotation for one or more arguments  [no-untyped-def]
src\analysis\boundary\identifier.py:161: error: Function is missing a type annotation for one or more arguments  [no-untyped-def]
src\analysis\boundary\identifier.py:202: error: Function is missing a type annotation for one or more arguments  [no-untyped-def]
src\analysis\boundary\identifier.py:208: error: Function is missing a type annotation for one or more arguments  [no-untyped-def]
src\analysis\boundary\identifier.py:233: error: Function is missing a type annotation for one or more arguments  [no-untyped-def]
src\analysis\boundary\identifier.py:239: error: Argument 1 to "float" has incompatible type "object"; expected "str | Buffer | SupportsFloat | SupportsIndex"  [arg-type]
src\domain\results.py:318: error: Incompatible types in assignment (expression has type "dict[str, Any]", target has type "str")  [assignment]
src\domain\results.py:320: error: Incompatible types in assignment (expression has type "dict[str, Any]", target has type "str")  [assignment]
src\domain\results.py:392: error: Incompatible types in assignment (expression has type "dict[str, Any]", target has type "str")  [assignment]
src\domain\results.py:394: error: Incompatible types in assignment (expression has type "dict[str, Any]", target has type "str")  [assignment]
src\domain\results.py:396: error: Incompatible types in assignment (expression has type "dict[str, Any]", target has type "str")  [assignment]
src\application\proof_engine\serialization.py:176: error: Function is missing a return type annotation  [no-untyped-def]
src\application\proof_engine\proof_generator.py:994: error: Incompatible types in assignment (expression has type "tuple[Any, Any]", variable has type "tuple[Any, Any, Any]")  [assignment]
src\application\proof_engine\proof_generator.py:2667: error: Returning Any from function declared to return "float | None"  [no-any-return]
src\application\proof_engine\proof_generator.py:2670: error: Returning Any from function declared to return "float | None"  [no-any-return]
src\application\proof_engine\proof_generator.py:2675: error: Returning Any from function declared to return "float | None"  [no-any-return]
src\application\proof_engine\proof_generator.py:2678: error: Returning Any from function declared to return "float | None"  [no-any-return]
src\application\proof_engine\proof_generator.py:3382: error: Function is missing a return type annotation  [no-untyped-def]
src\application\lifecycle\service.py:115: error: Returning Any from function declared to return "int"  [no-any-return]
src\application\lifecycle\service.py:146: error: Returning Any from function declared to return "str | None"  [no-any-return]
src\application\lifecycle\service.py:163: error: Returning Any from function declared to return "bool"  [no-any-return]
src\application\lifecycle\service.py:184: error: Returning Any from function declared to return "bool"  [no-any-return]
src\application\equipment_proof\generator.py:483: error: Returning Any from function declared to return "str"  [no-any-return]
src\application\analyses\protection\overcurrent\pipeline.py:160: error: Function is missing a type annotation for one or more arguments  [no-untyped-def]
src\application\analyses\protection\overcurrent\pipeline.py:294: error: Function is missing a type annotation for one or more arguments  [no-untyped-def]
src\application\analyses\protection\overcurrent\pipeline.py:314: error: Function is missing a type annotation for one or more arguments  [no-untyped-def]
src\application\analyses\protection\catalog\pipeline.py:181: error: Returning Any from function declared to return "dict[str, Any]"  [no-any-return]
src\application\analyses\design_synth\service.py:45: error: Returning Any from function declared to return "list[Any]"  [no-any-return]
src\application\analyses\design_synth\result.py:37: error: Returning Any from function declared to return "dict[str, Any]"  [no-any-return]
src\application\analyses\design_synth\pipeline.py:96: error: Returning Any from function declared to return "dict[str, Any]"  [no-any-return]
src\application\analyses\design_synth\pipeline.py:142: error: Returning Any from function declared to return "dict[str, Any]"  [no-any-return]
src\application\analyses\design_synth\pipeline.py:144: error: Returning Any from function declared to return "dict[str, Any]"  [no-any-return]
src\analysis\voltage_profile\models.py:69: error: Returning Any from function declared to return "dict[str, Any]"  [no-any-return]
src\analysis\scenario_comparison\builder.py:41: error: "object" has no attribute "name"  [attr-defined]
src\analysis\scenario_comparison\builder.py:42: error: "object" has no attribute "scenario_id"  [attr-defined]
src\analysis\scenario_comparison\builder.py:48: error: "object" has no attribute "name"  [attr-defined]
src\analysis\scenario_comparison\builder.py:54: error: Argument 1 to "_delta_margin" has incompatible type "object"; expected "float | None"  [arg-type]
src\analysis\scenario_comparison\builder.py:54: error: Argument 2 to "_delta_margin" has incompatible type "object"; expected "float | None"  [arg-type]
src\analysis\scenario_comparison\builder.py:55: error: Need type annotation for "key_drivers"  [var-annotated]
src\analysis\scenario_comparison\builder.py:55: error: Argument 1 to "tuple" has incompatible type "object"; expected "Iterable[Never]"  [arg-type]
src\analysis\scenario_comparison\builder.py:57: error: "object" has no attribute "name"  [attr-defined]
src\analysis\scenario_comparison\builder.py:64: error: "object" has no attribute "scenario_id"  [attr-defined]
src\analysis\scenario_comparison\builder.py:65: error: "object" has no attribute "name"  [attr-defined]
src\analysis\scenario_comparison\builder.py:77: error: "object" has no attribute "scenario_id"  [attr-defined]
src\analysis\scenario_comparison\builder.py:98: error: Returning Any from function declared to return "datetime"  [no-any-return]
src\analysis\scenario_comparison\builder.py:201: error: Function is missing a type annotation for one or more arguments  [no-untyped-def]
src\analysis\protection_insight\models.py:68: error: Returning Any from function declared to return "dict[str, Any]"  [no-any-return]
src\analysis\protection_curves_it\models.py:93: error: Returning Any from function declared to return "dict[str, Any]"  [no-any-return]
src\analysis\power_flow_interpretation\models.py:229: error: Returning Any from function declared to return "dict[str, Any]"  [no-any-return]
src\network_model\reporting\analysis_run_report_pdf.py:237: error: Returning Any from function declared to return "float"  [no-any-return]
src\application\proof_engine\types.py:516: error: Returning Any from function declared to return "str"  [no-any-return]
src\application\proof_engine\proof_inspector\exporters.py:167: error: Argument 1 to "_compile_to_pdf" of "InspectorExporter" has incompatible type "str | bytes"; expected "str"  [arg-type]
src\application\proof_engine\proof_inspector\exporters.py:333: error: Argument 1 to "bytes" has incompatible type "str | bytes"; expected "Iterable[SupportsIndex] | SupportsIndex | SupportsBytes | Buffer"  [arg-type]
src\application\analysis_run\export_service.py:83: error: Returning Any from function declared to return "bytes"  [no-any-return]
src\application\analysis_run\export_service.py:86: error: Returning Any from function declared to return "bytes"  [no-any-return]
src\domain\project_archive.py:328: error: Returning Any from function declared to return "dict[str, Any]"  [no-any-return]
src\application\protection_analysis\service.py:340: error: Returning Any from function declared to return "dict[Any, Any] | None"  [no-any-return]
src\application\protection_analysis\service.py:345: error: Returning Any from function declared to return "dict[Any, Any] | None"  [no-any-return]
src\application\proof_engine\proof_pack.py:61: error: Returning Any from function declared to return "bytes | None"  [no-any-return]
src\application\proof_engine\proof_pack.py:215: error: Returning Any from function declared to return "str"  [no-any-return]
src\application\proof_engine\proof_pack.py:217: error: Returning Any from function declared to return "str"  [no-any-return]
src\application\proof_engine\proof_pack.py:228: error: Returning Any from function declared to return "str"  [no-any-return]
src\application\proof_engine\proof_pack.py:250: error: Generator has incompatible item type "object"; expected "str"  [misc]
src\application\catalog_governance\service.py:135: error: Returning Any from function declared to return "dict[str, Any]"  [no-any-return]
src\application\catalog_governance\service.py:239: error: Returning Any from function declared to return "dict[str, Any]"  [no-any-return]
src\application\catalog_governance\service.py:368: error: Returning Any from function declared to return "dict[str, Any]"  [no-any-return]
src\application\catalog_governance\service.py:623: error: Returning Any from function declared to return "dict[str, Any]"  [no-any-return]
src\analysis\sensitivity\models.py:85: error: Returning Any from function declared to return "dict[str, Any]"  [no-any-return]
src\analysis\scenario_comparison\models.py:34: error: Returning Any from function declared to return "dict[str, Any]"  [no-any-return]
src\analysis\recommendations\models.py:66: error: Returning Any from function declared to return "dict[str, Any]"  [no-any-return]
src\analysis\normative\models.py:96: error: Returning Any from function declared to return "dict[str, Any]"  [no-any-return]
src\analysis\lf_sensitivity\models.py:66: error: Returning Any from function declared to return "dict[str, Any]"  [no-any-return]
src\analysis\coverage_score\models.py:39: error: Returning Any from function declared to return "dict[str, Any]"  [no-any-return]
src\network_model\catalog\repository.py:151: error: Incompatible types in assignment (expression has type "list[ConverterType]", variable has type "dict_values[str, ConverterType]")  [assignment]
src\protection\curves\curve_calculator.py:126: error: Incompatible types in assignment (expression has type "IEEECurveType", variable has type "IECCurveType")  [assignment]
src\protection\curves\curve_calculator.py:127: error: Argument 1 to "get_standard_params" of "IEEECurveParams" has incompatible type "IECCurveType"; expected "IEEECurveType"  [arg-type]
src\protection\curves\curve_calculator.py:216: error: Incompatible types in assignment (expression has type "IEEECurveType", variable has type "IECCurveType")  [assignment]
src\protection\curves\curve_calculator.py:217: error: Incompatible types in assignment (expression has type "IEEECurveParams", variable has type "IECCurveParams")  [assignment]
src\protection\curves\curve_calculator.py:217: error: Argument 1 to "get_standard_params" of "IEEECurveParams" has incompatible type "IECCurveType"; expected "IEEECurveType"  [arg-type]
src\protection\curves\curve_calculator.py:219: error: Argument "curve_params" to "generate_ieee_curve_points" has incompatible type "IECCurveParams"; expected "IEEECurveParams"  [arg-type]
src\protection\curves\curve_calculator.py:263: error: Incompatible types in assignment (expression has type "IEEECurveType", variable has type "IECCurveType")  [assignment]
src\protection\curves\curve_calculator.py:264: error: Incompatible types in assignment (expression has type "IEEECurveParams", variable has type "IECCurveParams")  [assignment]
src\protection\curves\curve_calculator.py:264: error: Argument 1 to "get_standard_params" of "IEEECurveParams" has incompatible type "IECCurveType"; expected "IEEECurveType"  [arg-type]
src\protection\curves\curve_calculator.py:265: error: Incompatible types in assignment (expression has type "IEEETrippingResult", variable has type "IECTrippingResult")  [assignment]
src\protection\curves\curve_calculator.py:268: error: Argument "curve_params" to "calculate_ieee_tripping_time" has incompatible type "IECCurveParams"; expected "IEEECurveParams"  [arg-type]
src\protection\curves\curve_calculator.py:441: error: "Collection[str]" has no attribute "append"  [attr-defined]
src\network_model\core\graph.py:631: error: Returning Any from function declared to return "bool"  [no-any-return]
src\application\study_case\service.py:235: error: Returning Any from function declared to return "bool"  [no-any-return]
src\application\study_case\service.py:383: error: Returning Any from function declared to return "int"  [no-any-return]
src\application\study_case\service.py:401: error: Returning Any from function declared to return "bool"  [no-any-return]
src\application\study_case\service.py:433: error: Returning Any from function declared to return "bool"  [no-any-return]
src\application\study_case\service.py:485: error: Returning Any from function declared to return "int"  [no-any-return]
src\analysis\power_flow\violations_report.py:110: error: Returning Any from function declared to return "float"  [no-any-return]
src\network_model\reporting\docx_determinism.py:74: error: Returning Any from function declared to return "bytes"  [no-any-return]
src\network_model\reporting\docx_determinism.py:124: error: Incompatible types in assignment (expression has type "Path", variable has type "str")  [assignment]
src\network_model\reporting\docx_determinism.py:149: error: Too few arguments for "replace" of "str"  [call-arg]
src\network_model\reporting\docx_determinism.py:149: error: Argument 1 to "replace" of "str" has incompatible type "Path"; expected "str"  [arg-type]
src\network_model\reporting\docx_determinism.py:153: error: "str" has no attribute "exists"  [attr-defined]
src\network_model\reporting\docx_determinism.py:154: error: "str" has no attribute "unlink"  [attr-defined]
src\application\analyses\protection\coordination\analyzer.py:505: error: Returning Any from function declared to return "float"  [no-any-return]
src\application\analyses\protection\coordination\analyzer.py:530: error: Returning Any from function declared to return "float"  [no-any-return]
src\application\analyses\protection\coordination\analyzer.py:667: error: Returning Any from function declared to return "str"  [no-any-return]
src\application\analyses\protection\coordination\analyzer.py:669: error: Returning Any from function declared to return "str"  [no-any-return]
src\application\analyses\protection\coordination\analyzer.py:671: error: Returning Any from function declared to return "str"  [no-any-return]
src\application\analyses\protection\coordination\analyzer.py:672: error: Returning Any from function declared to return "str"  [no-any-return]
src\application\reference_patterns\wzorzec_c_generacja_lokalna.py:180: error: Returning Any from function declared to return "dict[str, Any]"  [no-any-return]
src\application\reference_patterns\pattern_line_i_doubleprime_thermal_spz.py:112: error: Returning Any from function declared to return "dict[str, Any]"  [no-any-return]
src\application\reference_patterns\pattern_line_i_doubleprime_thermal_spz.py:118: error: Returning Any from function declared to return "dict[str, Any]"  [no-any-return]
src\application\reference_patterns\pattern_line_i_doubleprime_thermal_spz.py:457: error: Function is missing a type annotation for one or more arguments  [no-untyped-def]
src\application\reference_patterns\pattern_line_i_doubleprime_thermal_spz.py:487: error: Function is missing a type annotation for one or more arguments  [no-untyped-def]
src\application\reference_patterns\pattern_line_i_doubleprime_thermal_spz.py:517: error: Function is missing a type annotation for one or more arguments  [no-untyped-def]
src\application\reference_patterns\pattern_line_i_doubleprime_thermal_spz.py:549: error: Function is missing a type annotation for one or more arguments  [no-untyped-def]
src\application\reference_patterns\pattern_line_i_doubleprime_thermal_spz.py:593: error: Function is missing a type annotation for one or more arguments  [no-untyped-def]
src\application\reference_patterns\pattern_line_i_doubleprime_thermal_spz.py:629: error: Function is missing a type annotation for one or more arguments  [no-untyped-def]
src\application\reference_patterns\pattern_line_i_doubleprime_thermal_spz.py:683: error: Function is missing a type annotation for one or more arguments  [no-untyped-def]
src\application\network_wizard\service.py:78: error: Returning Any from function declared to return "list[Any]"  [no-any-return]
src\application\network_wizard\service.py:142: error: Returning Any from function declared to return "dict[Any, Any]"  [no-any-return]
src\application\network_wizard\service.py:186: error: Returning Any from function declared to return "dict[Any, Any]"  [no-any-return]
src\application\network_wizard\service.py:229: error: Returning Any from function declared to return "UUID | None"  [no-any-return]
src\application\network_wizard\service.py:444: error: Returning Any from function declared to return "list[dict[Any, Any]]"  [no-any-return]
src\application\network_wizard\service.py:448: error: Returning Any from function declared to return "list[dict[Any, Any]]"  [no-any-return]
src\application\network_wizard\service.py:452: error: Returning Any from function declared to return "list[dict[Any, Any]]"  [no-any-return]
src\application\network_wizard\service.py:456: error: Returning Any from function declared to return "list[dict[Any, Any]]"  [no-any-return]
src\application\network_wizard\service.py:460: error: Returning Any from function declared to return "list[dict[Any, Any]]"  [no-any-return]
src\application\network_wizard\service.py:466: error: Returning Any from function declared to return "list[dict[Any, Any]]"  [no-any-return]
src\application\network_wizard\service.py:480: error: Returning Any from function declared to return "dict[Any, Any]"  [no-any-return]
src\application\network_wizard\service.py:487: error: Returning Any from function declared to return "dict[Any, Any]"  [no-any-return]
src\application\network_wizard\service.py:494: error: Returning Any from function declared to return "dict[Any, Any]"  [no-any-return]
src\application\network_wizard\service.py:501: error: Returning Any from function declared to return "dict[Any, Any]"  [no-any-return]
src\application\network_wizard\service.py:508: error: Returning Any from function declared to return "dict[Any, Any]"  [no-any-return]
src\application\network_wizard\service.py:513: error: Returning Any from function declared to return "list[dict[Any, Any]]"  [no-any-return]
src\application\network_wizard\service.py:518: error: Returning Any from function declared to return "list[dict[Any, Any]]"  [no-any-return]
src\application\network_wizard\service.py:523: error: Returning Any from function declared to return "list[dict[Any, Any]]"  [no-any-return]
src\application\network_wizard\service.py:528: error: Returning Any from function declared to return "dict[Any, Any] | None"  [no-any-return]
src\application\network_wizard\service.py:533: error: Returning Any from function declared to return "dict[Any, Any] | None"  [no-any-return]
src\application\network_wizard\service.py:538: error: Returning Any from function declared to return "dict[Any, Any] | None"  [no-any-return]
src\application\network_wizard\service.py:553: error: Returning Any from function declared to return "dict[Any, Any]"  [no-any-return]
src\application\network_wizard\service.py:570: error: Returning Any from function declared to return "dict[Any, Any]"  [no-any-return]
src\application\network_wizard\service.py:595: error: Returning Any from function declared to return "dict[Any, Any]"  [no-any-return]
src\application\network_wizard\service.py:611: error: Returning Any from function declared to return "dict[Any, Any]"  [no-any-return]
src\application\network_wizard\service.py:772: error: Returning Any from function declared to return "list[Any]"  [no-any-return]
src\application\network_wizard\service.py:801: error: Returning Any from function declared to return "list[Any]"  [no-any-return]
src\application\network_wizard\service.py:1045: error: Incompatible types in assignment (expression has type "ConverterSetpoint | None", variable has type "InverterSetpoint | None")  [assignment]
src\application\network_wizard\service.py:1052: error: Argument 1 to "_resolve_converter_q_mvar" of "NetworkWizardService" has incompatible type "InverterSetpoint"; expected "ConverterSetpoint"  [arg-type]
src\application\network_wizard\service.py:1228: error: Returning Any from function declared to return "UUID"  [no-any-return]
src\application\network_wizard\service.py:1254: error: Returning Any from function declared to return "dict[Any, Any]"  [no-any-return]
src\application\network_wizard\service.py:1265: error: Returning Any from function declared to return "dict[Any, Any]"  [no-any-return]
src\application\network_wizard\service.py:1271: error: Returning Any from function declared to return "UUID"  [no-any-return]
src\application\network_wizard\service.py:1416: error: Incompatible types in assignment (expression has type "SourcePayload", variable has type "dict[Any, Any]")  [assignment]
src\application\network_wizard\service.py:1417: error: Argument 2 to "_source_payload_to_record" of "NetworkWizardService" has incompatible type "dict[Any, Any]"; expected "SourcePayload"  [arg-type]
src\application\network_wizard\service.py:1489: error: Incompatible types in assignment (expression has type "UUID", variable has type "str")  [assignment]
src\application\network_wizard\service.py:1965: error: Returning Any from function declared to return "dict[str, Any]"  [no-any-return]
src\application\network_wizard\service.py:2458: error: Returning Any from function declared to return "UUID"  [no-any-return]
src\network_model\core\snapshot.py:89: error: Function is missing a type annotation for one or more arguments  [no-untyped-def]
src\network_model\core\snapshot.py:89: error: "bool" is invalid as return type for "__exit__" that always returns False  [exit-return]
src\network_model\core\snapshot.py:89: note: Use "typing.Literal[False]" as the return type or change it to "None"
src\network_model\core\snapshot.py:89: note: If return type of "__exit__" implies that it may return True, the context manager may swallow exceptions
src\application\analysis_run\service.py:216: error: Returning Any from function declared to return "list[Any]"  [no-any-return]
src\application\analysis_run\service.py:220: error: Returning Any from function declared to return "list[dict[Any, Any]]"  [no-any-return]
src\application\analysis_run\service.py:235: error: Returning Any from function declared to return "dict[str, list[dict[str, Any]]]"  [no-any-return]
src\application\analysis_run\service.py:251: error: Returning Any from function declared to return "UUID"  [no-any-return]
src\application\analysis_run\service.py:446: error: Argument "key" to "sort" of "list" has incompatible type "Callable[[dict[str, object]], object]"; expected "Callable[[dict[str, object]], SupportsDunderLT[Any] | SupportsDunderGT[Any]]"  [arg-type]
src\application\analysis_run\service.py:446: error: Incompatible return value type (got "object", expected "SupportsDunderLT[Any] | SupportsDunderGT[Any]")  [return-value]
src\application\analysis_run\service.py:488: error: Argument "key" to "sort" of "list" has incompatible type "Callable[[dict[str, object]], object]"; expected "Callable[[dict[str, object]], SupportsDunderLT[Any] | SupportsDunderGT[Any]]"  [arg-type]
src\application\analysis_run\service.py:488: error: Incompatible return value type (got "object", expected "SupportsDunderLT[Any] | SupportsDunderGT[Any]")  [return-value]
src\application\analysis_run\service.py:936: error: Returning Any from function declared to return "str"  [no-any-return]
src\application\analysis_run\service.py:938: error: Function is missing a return type annotation  [no-untyped-def]
src\application\analysis_run\service.py:1009: error: Function is missing a type annotation for one or more arguments  [no-untyped-def]
src\application\analysis_run\service.py:1041: error: Returning Any from function declared to return "UUID | None"  [no-any-return]
src\application\analysis_run\service.py:1174: error: Returning Any from function declared to return "dict[str, Any]"  [no-any-return]
src\application\analysis_run\service.py:1198: error: Argument "key" to "sort" of "list" has incompatible type "Callable[[dict[str, bool | str | Any | dict[Any, Any] | None]], bool | str | Any | dict[Any, Any] | None]"; expected "Callable[[dict[str, bool | str | Any | dict[Any, Any] | None]], SupportsDunderLT[Any] | SupportsDunderGT[Any]]"  [arg-type]
src\application\analysis_run\service.py:1198: error: Incompatible return value type (got "bool | str | Any | dict[Any, Any] | None", expected "SupportsDunderLT[Any] | SupportsDunderGT[Any]")  [return-value]
src\application\analysis_run\service.py:1213: error: Argument "key" to "sort" of "list" has incompatible type "Callable[[dict[str, bool | str | Any | dict[Any, Any] | None]], bool | str | Any | dict[Any, Any] | None]"; expected "Callable[[dict[str, bool | str | Any | dict[Any, Any] | None]], SupportsDunderLT[Any] | SupportsDunderGT[Any]]"  [arg-type]
src\application\analysis_run\service.py:1213: error: Incompatible return value type (got "bool | str | Any | dict[Any, Any] | None", expected "SupportsDunderLT[Any] | SupportsDunderGT[Any]")  [return-value]
src\application\analysis_run\service.py:1243: error: Returning Any from function declared to return "float"  [no-any-return]
src\application\analysis_run\service.py:1246: error: Returning Any from function declared to return "float"  [no-any-return]
src\application\analysis_run\service.py:1280: error: Returning Any from function declared to return "float"  [no-any-return]
src\application\analysis_run\service.py:1283: error: Returning Any from function declared to return "float"  [no-any-return]
src\network_model\reporting\short_circuit_report_docx.py:214: error: Function "docx.api.Document" is not valid as a type  [valid-type]
src\network_model\reporting\short_circuit_report_docx.py:214: note: Perhaps you need "Callable[...]" or a callback protocol?
src\network_model\reporting\short_circuit_report_docx.py:228: error: Document? has no attribute "add_heading"  [attr-defined]
src\network_model\reporting\short_circuit_report_docx.py:233: error: Document? has no attribute "add_paragraph"  [attr-defined]
src\network_model\reporting\short_circuit_report_docx.py:240: error: Document? has no attribute "add_paragraph"  [attr-defined]
src\network_model\reporting\short_circuit_report_docx.py:241: error: Document? has no attribute "add_table"  [attr-defined]
src\network_model\reporting\short_circuit_report_docx.py:256: error: Document? has no attribute "add_paragraph"  [attr-defined]
src\network_model\reporting\short_circuit_report_docx.py:263: error: Document? has no attribute "add_paragraph"  [attr-defined]
src\network_model\reporting\short_circuit_report_docx.py:264: error: Document? has no attribute "add_table"  [attr-defined]
src\network_model\reporting\short_circuit_report_docx.py:279: error: Document? has no attribute "add_paragraph"  [attr-defined]
src\network_model\reporting\short_circuit_report_docx.py:283: error: Document? has no attribute "add_paragraph"  [attr-defined]
src\network_model\reporting\analysis_run_report_docx.py:52: error: Returning Any from function declared to return "bytes"  [no-any-return]
src\network_model\reporting\analysis_run_report_docx.py:55: error: Function "docx.api.Document" is not valid as a type  [valid-type]
src\network_model\reporting\analysis_run_report_docx.py:55: note: Perhaps you need "Callable[...]" or a callback protocol?
src\network_model\reporting\analysis_run_report_docx.py:56: error: Document? has no attribute "add_heading"  [attr-defined]
src\network_model\reporting\analysis_run_report_docx.py:58: error: Document? has no attribute "add_paragraph"  [attr-defined]
src\network_model\reporting\analysis_run_report_docx.py:61: error: Function "docx.api.Document" is not valid as a type  [valid-type]
src\network_model\reporting\analysis_run_report_docx.py:61: note: Perhaps you need "Callable[...]" or a callback protocol?
src\network_model\reporting\analysis_run_report_docx.py:62: error: Document? has no attribute "add_heading"  [attr-defined]
src\network_model\reporting\analysis_run_report_docx.py:82: error: Document? has no attribute "add_paragraph"  [attr-defined]
src\network_model\reporting\analysis_run_report_docx.py:85: error: Function "docx.api.Document" is not valid as a type  [valid-type]
src\network_model\reporting\analysis_run_report_docx.py:85: note: Perhaps you need "Callable[...]" or a callback protocol?
src\network_model\reporting\analysis_run_report_docx.py:86: error: Document? has no attribute "add_heading"  [attr-defined]
src\network_model\reporting\analysis_run_report_docx.py:88: error: Document? has no attribute "add_paragraph"  [attr-defined]
src\network_model\reporting\analysis_run_report_docx.py:90: error: Document? has no attribute "add_paragraph"  [attr-defined]
src\network_model\reporting\analysis_run_report_docx.py:91: error: Document? has no attribute "add_paragraph"  [attr-defined]
src\network_model\reporting\analysis_run_report_docx.py:94: error: Function "docx.api.Document" is not valid as a type  [valid-type]
src\network_model\reporting\analysis_run_report_docx.py:94: note: Perhaps you need "Callable[...]" or a callback protocol?
src\network_model\reporting\analysis_run_report_docx.py:95: error: Document? has no attribute "add_heading"  [attr-defined]
src\network_model\reporting\analysis_run_report_docx.py:104: error: Document? has no attribute "add_paragraph"  [attr-defined]
src\network_model\reporting\analysis_run_report_docx.py:105: error: Document? has no attribute "add_paragraph"  [attr-defined]
src\network_model\reporting\analysis_run_report_docx.py:108: error: Function "docx.api.Document" is not valid as a type  [valid-type]
src\network_model\reporting\analysis_run_report_docx.py:108: note: Perhaps you need "Callable[...]" or a callback protocol?
src\network_model\reporting\analysis_run_report_docx.py:109: error: Document? has no attribute "add_heading"  [attr-defined]
src\network_model\reporting\analysis_run_report_docx.py:112: error: Document? has no attribute "add_paragraph"  [attr-defined]
src\network_model\reporting\analysis_run_report_docx.py:113: error: Document? has no attribute "add_paragraph"  [attr-defined]
src\network_model\reporting\analysis_run_report_docx.py:119: error: Document? has no attribute "add_heading"  [attr-defined]
src\network_model\reporting\analysis_run_report_docx.py:121: error: Document? has no attribute "add_paragraph"  [attr-defined]
src\network_model\reporting\analysis_run_report_docx.py:123: error: Document? has no attribute "add_paragraph"  [attr-defined]
src\network_model\reporting\analysis_run_report_docx.py:125: error: Document? has no attribute "add_paragraph"  [attr-defined]
src\network_model\reporting\analysis_run_report_docx.py:126: error: Document? has no attribute "add_paragraph"  [attr-defined]
src\network_model\reporting\analysis_run_report_docx.py:128: error: Document? has no attribute "add_paragraph"  [attr-defined]
src\network_model\reporting\analysis_run_report_docx.py:129: error: Document? has no attribute "add_paragraph"  [attr-defined]
src\network_model\reporting\analysis_run_report_docx.py:130: error: Document? has no attribute "add_paragraph"  [attr-defined]
src\network_model\reporting\analysis_run_report_docx.py:133: error: Function "docx.api.Document" is not valid as a type  [valid-type]
src\network_model\reporting\analysis_run_report_docx.py:133: note: Perhaps you need "Callable[...]" or a callback protocol?
src\network_model\reporting\analysis_run_report_docx.py:134: error: Document? has no attribute "add_heading"  [attr-defined]
src\network_model\reporting\analysis_run_report_docx.py:137: error: Document? has no attribute "add_paragraph"  [attr-defined]
src\network_model\reporting\analysis_run_report_docx.py:138: error: Document? has no attribute "add_paragraph"  [attr-defined]
src\network_model\reporting\analysis_run_report_docx.py:141: error: Document? has no attribute "add_table"  [attr-defined]
src\network_model\reporting\analysis_run_report_docx.py:159: error: Document? has no attribute "add_paragraph"  [attr-defined]
src\network_model\reporting\analysis_run_report_docx.py:162: error: Function "docx.api.Document" is not valid as a type  [valid-type]
src\network_model\reporting\analysis_run_report_docx.py:162: note: Perhaps you need "Callable[...]" or a callback protocol?
src\network_model\reporting\analysis_run_report_docx.py:163: error: Document? has no attribute "add_heading"  [attr-defined]
src\network_model\reporting\analysis_run_report_docx.py:166: error: Document? has no attribute "add_paragraph"  [attr-defined]
src\network_model\reporting\analysis_run_report_docx.py:167: error: Document? has no attribute "add_paragraph"  [attr-defined]
src\network_model\reporting\analysis_run_report_docx.py:171: error: Document? has no attribute "add_paragraph"  [attr-defined]
src\network_model\reporting\analysis_run_report_docx.py:174: error: Document? has no attribute "add_paragraph"  [attr-defined]
src\network_model\reporting\analysis_run_report_docx.py:178: error: Document? has no attribute "add_paragraph"  [attr-defined]
src\network_model\reporting\analysis_run_report_docx.py:179: error: Document? has no attribute "add_paragraph"  [attr-defined]
src\network_model\reporting\analysis_run_report_docx.py:180: error: Document? has no attribute "add_paragraph"  [attr-defined]
src\network_model\reporting\analysis_run_report_docx.py:183: error: Function "docx.api.Document" is not valid as a type  [valid-type]
src\network_model\reporting\analysis_run_report_docx.py:183: note: Perhaps you need "Callable[...]" or a callback protocol?
src\network_model\reporting\analysis_run_report_docx.py:187: error: Document? has no attribute "add_heading"  [attr-defined]
src\network_model\reporting\analysis_run_report_docx.py:189: error: Document? has no attribute "add_paragraph"  [attr-defined]
src\network_model\reporting\analysis_run_report_docx.py:192: error: Function "docx.api.Document" is not valid as a type  [valid-type]
src\network_model\reporting\analysis_run_report_docx.py:192: note: Perhaps you need "Callable[...]" or a callback protocol?
src\network_model\reporting\analysis_run_report_docx.py:193: error: Document? has no attribute "add_table"  [attr-defined]
src\application\reference_patterns\reporting.py:198: error: Function "docx.api.Document" is not valid as a type  [valid-type]
src\application\reference_patterns\reporting.py:198: note: Perhaps you need "Callable[...]" or a callback protocol?
src\application\reference_patterns\reporting.py:204: error: Document? has no attribute "add_heading"  [attr-defined]
src\application\reference_patterns\reporting.py:208: error: Document? has no attribute "add_heading"  [attr-defined]
src\application\reference_patterns\reporting.py:211: error: Document? has no attribute "add_paragraph"  [attr-defined]
src\application\reference_patterns\reporting.py:214: error: Document? has no attribute "add_table"  [attr-defined]
src\application\reference_patterns\reporting.py:233: error: Document? has no attribute "add_paragraph"  [attr-defined]
src\application\reference_patterns\reporting.py:236: error: Function "docx.api.Document" is not valid as a type  [valid-type]
src\application\reference_patterns\reporting.py:236: note: Perhaps you need "Callable[...]" or a callback protocol?
src\application\reference_patterns\reporting.py:238: error: Document? has no attribute "add_heading"  [attr-defined]
src\application\reference_patterns\reporting.py:241: error: Document? has no attribute "add_paragraph"  [attr-defined]
src\application\reference_patterns\reporting.py:248: error: Document? has no attribute "add_paragraph"  [attr-defined]
src\application\reference_patterns\reporting.py:251: error: Document? has no attribute "add_paragraph"  [attr-defined]
src\application\reference_patterns\reporting.py:252: error: Document? has no attribute "add_paragraph"  [attr-defined]
src\application\reference_patterns\reporting.py:254: error: Document? has no attribute "add_paragraph"  [attr-defined]
src\application\reference_patterns\reporting.py:256: error: Document? has no attribute "add_paragraph"  [attr-defined]
src\application\reference_patterns\reporting.py:260: error: Function "docx.api.Document" is not valid as a type  [valid-type]
src\application\reference_patterns\reporting.py:260: note: Perhaps you need "Callable[...]" or a callback protocol?
src\application\reference_patterns\reporting.py:264: error: Document? has no attribute "add_heading"  [attr-defined]
src\application\reference_patterns\reporting.py:286: error: Document? has no attribute "add_paragraph"  [attr-defined]
src\application\reference_patterns\reporting.py:288: error: Document? has no attribute "add_table"  [attr-defined]
src\application\reference_patterns\reporting.py:306: error: Document? has no attribute "add_paragraph"  [attr-defined]
src\application\reference_patterns\reporting.py:309: error: Function "docx.api.Document" is not valid as a type  [valid-type]
src\application\reference_patterns\reporting.py:309: note: Perhaps you need "Callable[...]" or a callback protocol?
src\application\reference_patterns\reporting.py:311: error: Document? has no attribute "add_heading"  [attr-defined]
src\application\reference_patterns\reporting.py:314: error: Document? has no attribute "add_paragraph"  [attr-defined]
src\application\reference_patterns\reporting.py:318: error: Document? has no attribute "add_table"  [attr-defined]
src\application\reference_patterns\reporting.py:338: error: Document? has no attribute "add_paragraph"  [attr-defined]
src\application\reference_patterns\reporting.py:342: error: Function "docx.api.Document" is not valid as a type  [valid-type]
src\application\reference_patterns\reporting.py:342: note: Perhaps you need "Callable[...]" or a callback protocol?
src\application\reference_patterns\reporting.py:346: error: Document? has no attribute "add_heading"  [attr-defined]
src\application\reference_patterns\reporting.py:349: error: Document? has no attribute "add_paragraph"  [attr-defined]
src\application\reference_patterns\reporting.py:382: error: Document? has no attribute "add_table"  [attr-defined]
src\application\reference_patterns\reporting.py:400: error: Document? has no attribute "add_paragraph"  [attr-defined]
src\application\reference_patterns\reporting.py:403: error: Function "docx.api.Document" is not valid as a type  [valid-type]
src\application\reference_patterns\reporting.py:403: note: Perhaps you need "Callable[...]" or a callback protocol?
src\application\reference_patterns\reporting.py:405: error: Document? has no attribute "add_heading"  [attr-defined]
src\application\reference_patterns\reporting.py:408: error: Document? has no attribute "add_paragraph"  [attr-defined]
src\application\reference_patterns\reporting.py:420: error: Document? has no attribute "add_paragraph"  [attr-defined]
src\application\reference_patterns\reporting.py:427: error: Document? has no attribute "add_paragraph"  [attr-defined]
src\application\reference_patterns\reporting.py:435: error: Document? has no attribute "add_paragraph"  [attr-defined]
src\application\reference_patterns\reporting.py:440: error: Document? has no attribute "add_paragraph"  [attr-defined]
src\application\reference_patterns\reporting.py:442: error: Document? has no attribute "add_paragraph"  [attr-defined]
src\application\reference_patterns\reporting.py:446: error: Function "docx.api.Document" is not valid as a type  [valid-type]
src\application\reference_patterns\reporting.py:446: note: Perhaps you need "Callable[...]" or a callback protocol?
src\application\reference_patterns\reporting.py:450: error: Document? has no attribute "add_heading"  [attr-defined]
src\application\reference_patterns\reporting.py:452: error: Document? has no attribute "add_paragraph"  [attr-defined]
src\application\reference_patterns\reporting.py:459: error: Document? has no attribute "add_paragraph"  [attr-defined]
src\application\reference_patterns\reporting.py:461: error: Document? has no attribute "add_paragraph"  [attr-defined]
src\application\reference_patterns\reporting.py:469: error: Document? has no attribute "add_paragraph"  [attr-defined]
src\application\reference_patterns\reporting.py:471: error: Document? has no attribute "add_paragraph"  [attr-defined]
src\application\reference_patterns\reporting.py:584: error: Returning Any from function declared to return "float"  [no-any-return]
src\application\reference_patterns\reporting.py:585: error: Returning Any from function declared to return "float"  [no-any-return]
src\infrastructure\persistence\unit_of_work.py:72: error: Function is missing a type annotation for one or more arguments  [no-untyped-def]
src\infrastructure\persistence\unit_of_work.py:72: error: "bool" is invalid as return type for "__exit__" that always returns False  [exit-return]
src\infrastructure\persistence\unit_of_work.py:72: note: Use "typing.Literal[False]" as the return type or change it to "None"
src\infrastructure\persistence\unit_of_work.py:72: note: If return type of "__exit__" implies that it may return True, the context manager may swallow exceptions
src\infrastructure\persistence\repositories\network_wizard_repository.py:113: error: Returning Any from function declared to return "UUID | None"  [no-any-return]
src\infrastructure\persistence\repositories\case_repository.py:305: error: Returning Any from function declared to return "int"  [no-any-return]
src\infrastructure\persistence\repositories\case_repository.py:305: error: "Result[Any]" has no attribute "rowcount"  [attr-defined]
src\infrastructure\persistence\repositories\case_repository.py:406: error: Returning Any from function declared to return "int"  [no-any-return]
src\infrastructure\persistence\repositories\case_repository.py:406: error: "Result[Any]" has no attribute "rowcount"  [attr-defined]
src\infrastructure\persistence\repositories\case_repository.py:448: error: Returning Any from function declared to return "int"  [no-any-return]
src\infrastructure\persistence\repositories\case_repository.py:448: error: "Result[Any]" has no attribute "rowcount"  [attr-defined]
src\infrastructure\persistence\repositories\analysis_run_repository.py:120: error: "Result[Any]" has no attribute "rowcount"  [attr-defined]
src\application\project_archive\service.py:1177: error: Incompatible types in assignment (expression has type "UUID | None", variable has type "str")  [assignment]
src\application\project_archive\service.py:1267: error: Returning Any from function declared to return "dict[str, Any]"  [no-any-return]
src\network_model\solvers\short_circuit_iec60909.py:159: error: Returning Any from function declared to return "dict[Any, Any]"  [no-any-return]
src\network_model\solvers\short_circuit_iec60909.py:164: error: Returning Any from function declared to return "dict[Any, Any]"  [no-any-return]
src\network_model\solvers\short_circuit_iec60909.py:166: error: Function is missing a type annotation  [no-untyped-def]
src\network_model\solvers\short_circuit_iec60909.py:423: error: Returning Any from function declared to return "list[dict[Any, Any]]"  [no-any-return]
src\network_model\solvers\short_circuit_iec60909.py:450: error: Returning Any from function declared to return "float"  [no-any-return]
src\network_model\solvers\short_circuit_iec60909.py:507: error: Returning Any from function declared to return "complex | None"  [no-any-return]
src\network_model\solvers\short_circuit_iec60909.py:512: error: Returning Any from function declared to return "complex | None"  [no-any-return]
src\network_model\solvers\short_circuit_core.py:81: error: Returning Any from function declared to return "complex"  [no-any-return]
src\network_model\solvers\power_flow_newton_internal.py:826: error: Unsupported operand types for * ("complex" and "None")  [operator]
src\network_model\solvers\power_flow_newton_internal.py:826: note: Right operand is of type "complex | None"
src\network_model\solvers\power_flow_newton_internal.py:827: error: Unsupported operand types for * ("complex" and "None")  [operator]
src\network_model\solvers\power_flow_newton_internal.py:827: note: Right operand is of type "complex | None"
src\infrastructure\persistence\models.py:34: error: Function is missing a type annotation  [no-untyped-def]
src\infrastructure\persistence\models.py:41: error: Function is missing a return type annotation  [no-untyped-def]
src\infrastructure\persistence\models.py:41: error: Function is missing a type annotation for one or more arguments  [no-untyped-def]
src\infrastructure\persistence\models.py:46: error: Function is missing a return type annotation  [no-untyped-def]
src\infrastructure\persistence\models.py:46: error: Function is missing a type annotation for one or more arguments  [no-untyped-def]
src\infrastructure\persistence\models.py:85: error: Function is missing a type annotation  [no-untyped-def]
src\infrastructure\persistence\models.py:90: error: Function is missing a return type annotation  [no-untyped-def]
src\infrastructure\persistence\models.py:90: error: Function is missing a type annotation for one or more arguments  [no-untyped-def]
src\infrastructure\persistence\models.py:98: error: Function is missing a return type annotation  [no-untyped-def]
src\infrastructure\persistence\models.py:98: error: Function is missing a type annotation for one or more arguments  [no-untyped-def]
src\api\study_cases.py:151: error: Function is missing a type annotation for one or more arguments  [no-untyped-def]
src\api\study_cases.py:171: error: Returning Any from function declared to return "dict[str, Any]"  [no-any-return]
src\api\study_cases.py:175: error: Function is missing a type annotation for one or more arguments  [no-untyped-def]
src\api\study_cases.py:189: error: Returning Any from function declared to return "dict[str, Any]"  [no-any-return]
src\api\study_cases.py:198: error: Function is missing a type annotation for one or more arguments  [no-untyped-def]
src\api\study_cases.py:215: error: Function is missing a type annotation for one or more arguments  [no-untyped-def]
src\api\study_cases.py:237: error: Returning Any from function declared to return "dict[str, Any]"  [no-any-return]
src\api\study_cases.py:246: error: Function is missing a type annotation for one or more arguments  [no-untyped-def]
src\api\study_cases.py:272: error: Function is missing a type annotation for one or more arguments  [no-untyped-def]
src\api\study_cases.py:292: error: Returning Any from function declared to return "dict[str, Any]"  [no-any-return]
src\api\study_cases.py:306: error: Function is missing a type annotation for one or more arguments  [no-untyped-def]
src\api\study_cases.py:323: error: Function is missing a type annotation for one or more arguments  [no-untyped-def]
src\api\study_cases.py:340: error: Returning Any from function declared to return "dict[str, Any]"  [no-any-return]
src\api\study_cases.py:354: error: Function is missing a type annotation for one or more arguments  [no-untyped-def]
src\api\study_cases.py:371: error: Returning Any from function declared to return "dict[str, Any]"  [no-any-return]
src\api\study_cases.py:385: error: Function is missing a type annotation for one or more arguments  [no-untyped-def]
src\api\study_cases.py:407: error: Function is missing a type annotation for one or more arguments  [no-untyped-def]
src\api\study_cases.py:427: error: Function is missing a type annotation for one or more arguments  [no-untyped-def]
src\api\study_cases.py:447: error: Function is missing a type annotation for one or more arguments  [no-untyped-def]
src\api\study_cases.py:469: error: Function is missing a type annotation for one or more arguments  [no-untyped-def]
src\api\study_cases.py:483: error: Returning Any from function declared to return "dict[str, Any]"  [no-any-return]
src\api\study_cases.py:492: error: Function is missing a type annotation for one or more arguments  [no-untyped-def]
src\api\study_cases.py:517: error: Returning Any from function declared to return "dict[str, Any]"  [no-any-return]
src\api\snapshots.py:19: error: Function is missing a type annotation for one or more arguments  [no-untyped-def]
src\api\snapshots.py:28: error: Returning Any from function declared to return "dict[str, Any]"  [no-any-return]
src\api\snapshots.py:32: error: Function is missing a type annotation for one or more arguments  [no-untyped-def]
src\api\snapshots.py:45: error: Returning Any from function declared to return "dict[str, Any]"  [no-any-return]
src\api\snapshots.py:49: error: Function is missing a type annotation for one or more arguments  [no-untyped-def]
src\api\snapshots.py:65: error: Returning Any from function declared to return "dict[str, Any]"  [no-any-return]
src\api\sld.py:35: error: Function is missing a type annotation for one or more arguments  [no-untyped-def]
src\api\sld.py:67: error: Returning Any from function declared to return "dict[str, Any]"  [no-any-return]
src\api\reference_patterns.py:275: error: Function is missing a return type annotation  [no-untyped-def]
src\api\reference_patterns.py:433: error: Function is missing a return type annotation  [no-untyped-def]
src\api\reference_patterns.py:532: error: Function is missing a type annotation  [no-untyped-def]
src\api\protection_runs.py:97: error: Function is missing a type annotation for one or more arguments  [no-untyped-def]
src\api\protection_runs.py:140: error: Function is missing a type annotation for one or more arguments  [no-untyped-def]
src\api\protection_runs.py:171: error: Function is missing a type annotation for one or more arguments  [no-untyped-def]
src\api\protection_runs.py:196: error: Function is missing a type annotation for one or more arguments  [no-untyped-def]
src\api\protection_runs.py:246: error: Function is missing a type annotation for one or more arguments  [no-untyped-def]
src\api\protection_runs.py:299: error: Function is missing a type annotation for one or more arguments  [no-untyped-def]
src\api\protection_runs.py:384: error: Function is missing a type annotation for one or more arguments  [no-untyped-def]
src\api\protection_coordination.py:431: error: Returning Any from function declared to return "list[dict[str, Any]]"  [no-any-return]
src\api\protection_coordination.py:451: error: Returning Any from function declared to return "list[dict[str, Any]]"  [no-any-return]
src\api\protection_coordination.py:471: error: Returning Any from function declared to return "list[dict[str, Any]]"  [no-any-return]
src\api\protection_comparisons.py:182: error: Function is missing a type annotation for one or more arguments  [no-untyped-def]
src\api\protection_comparisons.py:204: error: Returning Any from function declared to return "dict[str, Any]"  [no-any-return]
src\api\protection_comparisons.py:238: error: Function is missing a type annotation for one or more arguments  [no-untyped-def]
src\api\protection_comparisons.py:274: error: Function is missing a type annotation for one or more arguments  [no-untyped-def]
src\api\protection_comparisons.py:287: error: Returning Any from function declared to return "dict[str, Any]"  [no-any-return]
src\api\protection_comparisons.py:301: error: Function is missing a type annotation for one or more arguments  [no-untyped-def]
src\api\protection_comparisons.py:314: error: Returning Any from function declared to return "dict[str, Any]"  [no-any-return]
src\api\proof_pack.py:20: error: Function is missing a type annotation for one or more arguments  [no-untyped-def]
src\api\projects.py:220: error: Function is missing a return type annotation  [no-untyped-def]
src\api\power_flow_runs.py:95: error: Function is missing a type annotation for one or more arguments  [no-untyped-def]
src\api\power_flow_runs.py:112: error: Returning Any from function declared to return "dict[str, Any]"  [no-any-return]
src\api\power_flow_runs.py:133: error: Function is missing a type annotation for one or more arguments  [no-untyped-def]
src\api\power_flow_runs.py:161: error: Returning Any from function declared to return "dict[str, Any]"  [no-any-return]
src\api\power_flow_runs.py:175: error: Function is missing a type annotation for one or more arguments  [no-untyped-def]
src\api\power_flow_runs.py:194: error: Returning Any from function declared to return "dict[str, Any]"  [no-any-return]
src\api\power_flow_runs.py:204: error: Function is missing a type annotation for one or more arguments  [no-untyped-def]
src\api\power_flow_runs.py:228: error: Returning Any from function declared to return "dict[str, Any]"  [no-any-return]
src\api\power_flow_runs.py:248: error: Function is missing a type annotation for one or more arguments  [no-untyped-def]
src\api\power_flow_runs.py:351: error: Returning Any from function declared to return "dict[str, Any]"  [no-any-return]
src\api\power_flow_runs.py:365: error: Function is missing a type annotation for one or more arguments  [no-untyped-def]
src\api\power_flow_runs.py:421: error: Returning Any from function declared to return "dict[str, Any]"  [no-any-return]
src\api\power_flow_runs.py:577: error: Function is missing a return type annotation  [no-untyped-def]
src\api\power_flow_runs.py:577: error: Function is missing a type annotation for one or more arguments  [no-untyped-def]
src\api\power_flow_runs.py:618: error: Function is missing a return type annotation  [no-untyped-def]
src\api\power_flow_runs.py:618: error: Function is missing a type annotation for one or more arguments  [no-untyped-def]
src\api\power_flow_runs.py:684: error: Function is missing a type annotation  [no-untyped-def]
src\api\power_flow_runs.py:742: error: Function is missing a return type annotation  [no-untyped-def]
src\api\power_flow_runs.py:742: error: Function is missing a type annotation for one or more arguments  [no-untyped-def]
src\api\power_flow_runs.py:844: error: Function is missing a return type annotation  [no-untyped-def]
src\api\power_flow_runs.py:1003: error: Function is missing a return type annotation  [no-untyped-def]
src\api\power_flow_runs.py:1003: error: Function is missing a type annotation for one or more arguments  [no-untyped-def]
src\api\power_flow_runs.py:1056: error: Function is missing a return type annotation  [no-untyped-def]
src\api\power_flow_runs.py:1056: error: Function is missing a type annotation for one or more arguments  [no-untyped-def]
src\api\power_flow_runs.py:1104: error: Function is missing a return type annotation  [no-untyped-def]
src\api\power_flow_runs.py:1104: error: Function is missing a type annotation for one or more arguments  [no-untyped-def]
src\api\power_flow_runs.py:1166: error: Function is missing a type annotation for one or more arguments  [no-untyped-def]
src\api\power_flow_runs.py:1191: error: Returning Any from function declared to return "dict[str, Any]"  [no-any-return]
src\api\power_flow_runs.py:1265: error: Returning Any from function declared to return "dict[str, Any]"  [no-any-return]
src\api\power_flow_runs.py:1269: error: Function is missing a type annotation for one or more arguments  [no-untyped-def]
src\api\power_flow_runs.py:1292: error: Argument 1 to "float" has incompatible type "Any | None"; expected "str | Buffer | SupportsFloat | SupportsIndex"  [arg-type]
src\api\power_flow_comparisons.py:216: error: Function is missing a type annotation for one or more arguments  [no-untyped-def]
src\api\power_flow_comparisons.py:238: error: Returning Any from function declared to return "dict[str, Any]"  [no-any-return]
src\api\power_flow_comparisons.py:272: error: Function is missing a type annotation for one or more arguments  [no-untyped-def]
src\api\power_flow_comparisons.py:308: error: Function is missing a type annotation for one or more arguments  [no-untyped-def]
src\api\power_flow_comparisons.py:321: error: Returning Any from function declared to return "dict[str, Any]"  [no-any-return]
src\api\power_flow_comparisons.py:335: error: Function is missing a type annotation for one or more arguments  [no-untyped-def]
src\api\power_flow_comparisons.py:349: error: Returning Any from function declared to return "dict[str, Any]"  [no-any-return]
src\api\power_flow_comparisons.py:367: error: Function is missing a return type annotation  [no-untyped-def]
src\api\power_flow_comparisons.py:367: error: Function is missing a type annotation for one or more arguments  [no-untyped-def]
src\api\power_flow_comparisons.py:406: error: Function is missing a return type annotation  [no-untyped-def]
src\api\power_flow_comparisons.py:406: error: Function is missing a type annotation for one or more arguments  [no-untyped-def]
src\api\power_flow_comparisons.py:469: error: Function is missing a type annotation  [no-untyped-def]
src\api\power_flow_comparisons.py:532: error: Function is missing a return type annotation  [no-untyped-def]
src\api\power_flow_comparisons.py:532: error: Function is missing a type annotation for one or more arguments  [no-untyped-def]
src\api\main.py:39: error: Function is missing a return type annotation  [no-untyped-def]
src\api\issues.py:189: error: Function is missing a type annotation for one or more arguments  [no-untyped-def]
src\api\design_synth.py:20: error: Function is missing a type annotation for one or more arguments  [no-untyped-def]
src\api\design_synth.py:37: error: Returning Any from function declared to return "dict[str, Any]"  [no-any-return]
src\api\design_synth.py:40: error: Function is missing a type annotation for one or more arguments  [no-untyped-def]
src\api\dependencies.py:14: error: Returning Any from function declared to return "Callable[[], Any]"  [no-any-return]
src\api\comparison.py:145: error: Function is missing a type annotation for one or more arguments  [no-untyped-def]
src\api\comparison.py:181: error: Returning Any from function declared to return "dict[str, Any]"  [no-any-return]
src\api\catalog.py:68: error: Function is missing a type annotation for one or more arguments  [no-untyped-def]
src\api\catalog.py:90: error: Returning Any from function declared to return "dict[str, Any]"  [no-any-return]
src\api\catalog.py:100: error: Function is missing a type annotation for one or more arguments  [no-untyped-def]
src\api\catalog.py:134: error: Returning Any from function declared to return "dict[str, Any]"  [no-any-return]
src\api\catalog.py:149: error: Function is missing a type annotation for one or more arguments  [no-untyped-def]
src\api\catalog.py:154: error: Returning Any from function declared to return "list[dict[str, Any]]"  [no-any-return]
src\api\catalog.py:158: error: Function is missing a type annotation for one or more arguments  [no-untyped-def]
src\api\catalog.py:163: error: Returning Any from function declared to return "list[dict[str, Any]]"  [no-any-return]
src\api\catalog.py:167: error: Function is missing a type annotation for one or more arguments  [no-untyped-def]
src\api\catalog.py:172: error: Returning Any from function declared to return "list[dict[str, Any]]"  [no-any-return]
src\api\catalog.py:176: error: Function is missing a type annotation for one or more arguments  [no-untyped-def]
src\api\catalog.py:181: error: Returning Any from function declared to return "list[dict[str, Any]]"  [no-any-return]
src\api\catalog.py:185: error: Function is missing a type annotation for one or more arguments  [no-untyped-def]
src\api\catalog.py:190: error: Returning Any from function declared to return "list[dict[str, Any]]"  [no-any-return]
src\api\catalog.py:194: error: Function is missing a type annotation for one or more arguments  [no-untyped-def]
src\api\catalog.py:199: error: Returning Any from function declared to return "list[dict[str, Any]]"  [no-any-return]
src\api\catalog.py:203: error: Function is missing a type annotation for one or more arguments  [no-untyped-def]
src\api\catalog.py:208: error: Returning Any from function declared to return "list[dict[str, Any]]"  [no-any-return]
src\api\catalog.py:212: error: Function is missing a type annotation for one or more arguments  [no-untyped-def]
src\api\catalog.py:224: error: Returning Any from function declared to return "dict[str, Any]"  [no-any-return]
src\api\catalog.py:228: error: Function is missing a type annotation for one or more arguments  [no-untyped-def]
src\api\catalog.py:240: error: Returning Any from function declared to return "dict[str, Any]"  [no-any-return]
src\api\catalog.py:244: error: Function is missing a type annotation for one or more arguments  [no-untyped-def]
src\api\catalog.py:256: error: Returning Any from function declared to return "dict[str, Any]"  [no-any-return]
src\api\catalog.py:265: error: Function is missing a type annotation for one or more arguments  [no-untyped-def]
src\api\catalog.py:287: error: Returning Any from function declared to return "dict[str, Any]"  [no-any-return]
src\api\catalog.py:297: error: Function is missing a type annotation for one or more arguments  [no-untyped-def]
src\api\catalog.py:331: error: Returning Any from function declared to return "dict[str, Any]"  [no-any-return]
src\api\catalog.py:346: error: Function is missing a type annotation for one or more arguments  [no-untyped-def]
src\api\catalog.py:375: error: Function is missing a type annotation for one or more arguments  [no-untyped-def]
src\api\catalog.py:402: error: Function is missing a type annotation for one or more arguments  [no-untyped-def]
src\api\catalog.py:434: error: Function is missing a type annotation for one or more arguments  [no-untyped-def]
src\api\catalog.py:461: error: Function is missing a type annotation for one or more arguments  [no-untyped-def]
src\api\catalog.py:486: error: Function is missing a type annotation for one or more arguments  [no-untyped-def]
src\api\cases.py:26: error: Function is missing a type annotation for one or more arguments  [no-untyped-def]
src\api\cases.py:42: error: Returning Any from function declared to return "dict[str, Any]"  [no-any-return]
src\api\cases.py:46: error: Function is missing a type annotation for one or more arguments  [no-untyped-def]
src\api\cases.py:62: error: Returning Any from function declared to return "dict[str, Any]"  [no-any-return]
src\api\cases.py:66: error: Function is missing a type annotation for one or more arguments  [no-untyped-def]
src\api\cases.py:91: error: Returning Any from function declared to return "dict[str, Any]"  [no-any-return]
src\api\analysis_runs_read.py:13: error: Function is missing a type annotation for one or more arguments  [no-untyped-def]
src\api\analysis_runs_read.py:32: error: Returning Any from function declared to return "dict[Any, Any]"  [no-any-return]
src\api\analysis_runs_index.py:14: error: Function is missing a type annotation for one or more arguments  [no-untyped-def]
src\api\analysis_runs_index.py:32: error: Function is missing a type annotation for one or more arguments  [no-untyped-def]
src\api\analysis_runs.py:48: error: Function is missing a type annotation for one or more arguments  [no-untyped-def]
src\api\analysis_runs.py:84: error: Returning Any from function declared to return "dict[str, Any]"  [no-any-return]
src\api\analysis_runs.py:88: error: Function is missing a type annotation for one or more arguments  [no-untyped-def]
src\api\analysis_runs.py:102: error: Returning Any from function declared to return "dict[str, Any]"  [no-any-return]
src\api\analysis_runs.py:128: error: Returning Any from function declared to return "dict[str, Any]"  [no-any-return]
src\api\analysis_runs.py:131: error: Function is missing a type annotation for one or more arguments  [no-untyped-def]
src\api\analysis_runs.py:137: error: Function is missing a type annotation for one or more arguments  [no-untyped-def]
src\api\analysis_runs.py:155: error: Returning Any from function declared to return "dict[str, Any]"  [no-any-return]
src\api\analysis_runs.py:159: error: Function is missing a type annotation for one or more arguments  [no-untyped-def]
src\api\analysis_runs.py:177: error: Returning Any from function declared to return "dict[str, Any]"  [no-any-return]
src\api\analysis_runs.py:181: error: Function is missing a type annotation for one or more arguments  [no-untyped-def]
src\api\analysis_runs.py:196: error: Returning Any from function declared to return "dict[str, Any]"  [no-any-return]
src\api\analysis_runs.py:200: error: Function is missing a type annotation for one or more arguments  [no-untyped-def]
src\api\analysis_runs.py:224: error: Returning Any from function declared to return "dict[str, Any]"  [no-any-return]
src\api\analysis_runs.py:228: error: Function is missing a type annotation for one or more arguments  [no-untyped-def]
src\api\analysis_runs.py:258: error: Function is missing a type annotation for one or more arguments  [no-untyped-def]
src\api\analysis_runs.py:294: error: Function is missing a type annotation for one or more arguments  [no-untyped-def]
src\api\analysis_runs.py:310: error: Returning Any from function declared to return "dict[str, Any]"  [no-any-return]
src\api\analysis_runs.py:314: error: Function is missing a type annotation for one or more arguments  [no-untyped-def]
src\api\analysis_runs.py:330: error: Returning Any from function declared to return "dict[str, Any]"  [no-any-return]
src\api\analysis_runs.py:334: error: Function is missing a type annotation for one or more arguments  [no-untyped-def]
src\api\analysis_runs.py:350: error: Returning Any from function declared to return "dict[str, Any]"  [no-any-return]
src\api\analysis_runs.py:354: error: Function is missing a type annotation for one or more arguments  [no-untyped-def]
src\api\analysis_runs.py:371: error: Returning Any from function declared to return "dict[str, Any]"  [no-any-return]
src\api\analysis_runs.py:375: error: Function is missing a type annotation for one or more arguments  [no-untyped-def]
src\api\analysis_runs.py:391: error: Returning Any from function declared to return "dict[str, Any]"  [no-any-return]
Found 674 errors in 118 files (checked 335 source files)
